[27-Sep-2025 06:50:06 UTC] PHP Warning:  Cannot modify header information - headers already sent by (output started at /var/www/actiefbrandbeveiliging.nl/test-form.php:7) in /var/www/actiefbrandbeveiliging.nl/form-backup.php on line 14
[27-Sep-2025 06:50:06 UTC] PHP Warning:  Cannot modify header information - headers already sent by (output started at /var/www/actiefbrandbeveiliging.nl/test-form.php:7) in /var/www/actiefbrandbeveiliging.nl/form-backup.php on line 15
[27-Sep-2025 06:50:06 UTC] PHP Warning:  Cannot modify header information - headers already sent by (output started at /var/www/actiefbrandbeveiliging.nl/test-form.php:7) in /var/www/actiefbrandbeveiliging.nl/form-backup.php on line 16
[27-Sep-2025 06:50:06 UTC] Form submission attempt from IP: 127.0.0.1 at 2025-09-27 06:50:06
[27-Sep-2025 06:50:06 UTC] PHP Warning:  session_start(): Session cannot be started after headers have already been sent in /var/www/actiefbrandbeveiliging.nl/form-backup.php on line 43
[27-Sep-2025 06:50:06 UTC] Checkbox POST data: Array
(
    [0] => Brandblussers
    [1] => Onderhoud Brandmeldsystemen
    [2] => BHV Trainingen
)

[27-Sep-2025 06:50:06 UTC] Processed services: Brandblussers, Onderhoud Brandmeldsystemen, BHV Trainingen
[27-Sep-2025 06:50:06 UTC] Form data collected successfully. Company: Test Bedrijf B.V., Email: test@example.com, Services count: 3
[27-Sep-2025 06:50:06 UTC] Attempting to save submission to file with ID: 2025-09-27_06-50-06_68d7891e151a5
[27-Sep-2025 06:50:06 UTC] Successfully wrote JSON file: /var/www/actiefbrandbeveiliging.nl/form-submissions/2025-09-27_06-50-06_68d7891e151a5.json (687 bytes)
[27-Sep-2025 06:50:06 UTC] Successfully wrote TXT file: /var/www/actiefbrandbeveiliging.nl/form-submissions/2025-09-27_06-50-06_68d7891e151a5.txt (436 bytes)
[27-Sep-2025 06:50:06 UTC] File backup successful for submission: 2025-09-27_06-50-06_68d7891e151a5
[27-Sep-2025 06:50:06 UTC] Email sent successfully for submission: 2025-09-27_06-50-06_68d7891e151a5
[27-Sep-2025 06:50:06 UTC] Form submission completed successfully: 2025-09-27_06-50-06_68d7891e151a5 (Email sent: Yes)
[27-Sep-2025 06:50:06 UTC] PHP Warning:  Cannot modify header information - headers already sent by (output started at /var/www/actiefbrandbeveiliging.nl/test-form.php:7) in /var/www/actiefbrandbeveiliging.nl/form-backup.php on line 160
[27-Sep-2025 06:50:13 UTC] PHP Warning:  Cannot modify header information - headers already sent by (output started at /var/www/actiefbrandbeveiliging.nl/test-form.php:7) in /var/www/actiefbrandbeveiliging.nl/form-backup.php on line 14
[27-Sep-2025 06:50:13 UTC] PHP Warning:  Cannot modify header information - headers already sent by (output started at /var/www/actiefbrandbeveiliging.nl/test-form.php:7) in /var/www/actiefbrandbeveiliging.nl/form-backup.php on line 15
[27-Sep-2025 06:50:13 UTC] PHP Warning:  Cannot modify header information - headers already sent by (output started at /var/www/actiefbrandbeveiliging.nl/test-form.php:7) in /var/www/actiefbrandbeveiliging.nl/form-backup.php on line 16
[27-Sep-2025 06:50:13 UTC] Form submission attempt from IP: 127.0.0.1 at 2025-09-27 06:50:13
[27-Sep-2025 06:50:13 UTC] PHP Warning:  session_start(): Session cannot be started after headers have already been sent in /var/www/actiefbrandbeveiliging.nl/form-backup.php on line 43
[27-Sep-2025 06:50:13 UTC] Checkbox POST data: Array
(
    [0] => Brandblussers
    [1] => Onderhoud Brandmeldsystemen
    [2] => BHV Trainingen
)

[27-Sep-2025 06:50:13 UTC] Processed services: Brandblussers, Onderhoud Brandmeldsystemen, BHV Trainingen
[27-Sep-2025 06:50:13 UTC] Form data collected successfully. Company: Test Bedrijf B.V., Email: test@example.com, Services count: 3
[27-Sep-2025 06:50:13 UTC] Attempting to save submission to file with ID: 2025-09-27_06-50-13_68d78925965fb
[27-Sep-2025 06:50:13 UTC] Successfully wrote JSON file: /var/www/actiefbrandbeveiliging.nl/form-submissions/2025-09-27_06-50-13_68d78925965fb.json (687 bytes)
[27-Sep-2025 06:50:13 UTC] Successfully wrote TXT file: /var/www/actiefbrandbeveiliging.nl/form-submissions/2025-09-27_06-50-13_68d78925965fb.txt (436 bytes)
[27-Sep-2025 06:50:13 UTC] File backup successful for submission: 2025-09-27_06-50-13_68d78925965fb
[27-Sep-2025 06:50:13 UTC] Email sent successfully for submission: 2025-09-27_06-50-13_68d78925965fb
[27-Sep-2025 06:50:13 UTC] Form submission completed successfully: 2025-09-27_06-50-13_68d78925965fb (Email sent: Yes)
[27-Sep-2025 06:50:13 UTC] PHP Warning:  Cannot modify header information - headers already sent by (output started at /var/www/actiefbrandbeveiliging.nl/test-form.php:7) in /var/www/actiefbrandbeveiliging.nl/form-backup.php on line 160
[29-Sep-2025 01:06:01 UTC] Form submission attempt from IP: 185.191.171.11 at 2025-09-29 01:06:01
